<?xml version="1.0" encoding="UTF-8"?>
<!-- Generated by org.testng.reporters.JUnitReportReporter -->
<testsuite hostname="priyankas-mbp" failures="0" tests="2" name="tests.SearchAndFilterProductsTest" time="13.034" errors="0" timestamp="2021-03-09T16:18:10 IST" skipped="0">
  <testcase classname="tests.SearchAndFilterProductsTest" name="FilterUsingCategoryOrBrandAndPrice" time="1.155"/>
  <system-out/>
  <testcase classname="tests.SearchAndFilterProductsTest" name="SearchProducts" time="11.879"/>
  <system-out/>
</testsuite> <!-- tests.SearchAndFilterProductsTest -->
