<?xml version="1.0" encoding="UTF-8"?>
<!-- Generated by org.testng.reporters.JUnitReportReporter -->
<testsuite hostname="priyankas-mbp" failures="0" tests="2" name="tests.SearchAndFilterProductsTest" time="10.314" errors="0" timestamp="2021-03-09T22:41:24 IST" skipped="0">
  <testcase classname="tests.SearchAndFilterProductsTest" name="SearchProducts" time="5.601"/>
  <system-out/>
  <testcase classname="tests.SearchAndFilterProductsTest" name="FilterUsingCategoryOrBrandAndPrice" time="4.713"/>
  <system-out/>
</testsuite> <!-- tests.SearchAndFilterProductsTest -->
