<?xml version="1.0" encoding="UTF-8"?>
<!-- Generated by org.testng.reporters.JUnitReportReporter -->
<testsuite hostname="priyankas-mbp" failures="0" tests="1" name="tests.AddRubyOnRailsToCartAndCheckPriceTest" time="10.991" errors="0" timestamp="2021-03-09T22:41:24 IST" skipped="0">
  <testcase classname="tests.AddRubyOnRailsToCartAndCheckPriceTest" name="AddRubyOnRailsMugToCartAndValidatePrice" time="10.991"/>
  <system-out/>
</testsuite> <!-- tests.AddRubyOnRailsToCartAndCheckPriceTest -->
